#
# There is insufficient memory for the Java Runtime Environment to continue.
# Native memory allocation (malloc) failed to allocate 787536 bytes for Chunk::new
# Possible reasons:
#   The system is out of physical RAM or swap space
#   The process is running with CompressedOops enabled, and the Java Heap may be blocking the growth of the native heap
# Possible solutions:
#   Reduce memory load on the system
#   Increase physical memory or swap space
#   Check if swap backing store is full
#   Decrease Java heap size (-Xmx/-Xms)
#   Decrease number of Java threads
#   Decrease Java thread stack sizes (-Xss)
#   Set larger code cache with -XX:ReservedCodeCacheSize=
#   JVM is running with Unscaled Compressed Oops mode in which the Java heap is
#     placed in the first 4GB address space. The Java Heap base address is the
#     maximum limit for the native heap growth. Please use -XX:HeapBaseMinAddress
#     to set the Java Heap base and to place the Java Heap above 4GB virtual address.
# This output file may be truncated or incomplete.
#
#  Out of Memory Error (allocation.cpp:389), pid=9760, tid=0x0000000000002384
#
# JRE version: OpenJDK Runtime Environment (8.0_212-b04) (build 1.8.0_212-release-1586-b04)
# Java VM: OpenJDK 64-Bit Server VM (25.212-b04 mixed mode windows-amd64 compressed oops)
# Failed to write core dump. Minidumps are not enabled by default on client versions of Windows
#

---------------  T H R E A D  ---------------

Current thread (0x00000000166fb800):  JavaThread "C2 CompilerThread0" daemon [_thread_in_native, id=9092, stack(0x0000000018dd0000,0x0000000018ed0000)]

Stack: [0x0000000018dd0000,0x0000000018ed0000]
[error occurred during error reporting (printing stack bounds), id 0xc0000005]

Native frames: (J=compiled Java code, j=interpreted, Vv=VM code, C=native code)


Current CompileTask:
C2:   2449 1426       4       java.net.URLClassLoader$1::run (5 bytes)


---------------  P R O C E S S  ---------------

Java Threads: ( => current thread )
  0x000000001aff5000 JavaThread "Cache worker for journal cache (C:\Users\alexey\.gradle\caches\journal-1)" [_thread_blocked, id=2396, stack(0x000000001d300000,0x000000001d400000)]
  0x000000001aff8800 JavaThread "File lock request listener" [_thread_in_native, id=15184, stack(0x000000001d200000,0x000000001d300000)]
  0x000000001afe1800 JavaThread "Cache worker for file hash cache (C:\Users\alexey\.gradle\caches\5.6.4\fileHashes)" [_thread_blocked, id=15392, stack(0x000000001d100000,0x000000001d200000)]
  0x000000001af58000 JavaThread "Thread-9" [_thread_blocked, id=17700, stack(0x000000001ce00000,0x000000001cf00000)]
  0x000000001af47800 JavaThread "Stdin handler" [_thread_blocked, id=18960, stack(0x000000001cd00000,0x000000001ce00000)]
  0x000000001af57800 JavaThread "Asynchronous log dispatcher for DefaultDaemonConnection: socket connection from /127.0.0.1:57399 to /127.0.0.1:57400" [_thread_blocked, id=17928, stack(0x000000001cb00000,0x000000001cc00000)]
  0x000000001af6a000 JavaThread "Daemon worker" [_thread_in_native, id=17848, stack(0x000000001ca00000,0x000000001cb00000)]
  0x000000001af53000 JavaThread "Cancel handler" [_thread_blocked, id=8288, stack(0x000000001c900000,0x000000001ca00000)]
  0x000000001af0a800 JavaThread "Handler for socket connection from /127.0.0.1:57399 to /127.0.0.1:57400" [_thread_in_native, id=18492, stack(0x000000001c600000,0x000000001c700000)]
  0x000000001af0a000 JavaThread "Daemon" [_thread_blocked, id=15420, stack(0x000000001c500000,0x000000001c600000)]
  0x000000001ae94800 JavaThread "Daemon periodic checks" [_thread_blocked, id=3200, stack(0x000000001c400000,0x000000001c500000)]
  0x000000001ae94000 JavaThread "Incoming local TCP Connector on port 57399" [_thread_in_native, id=19528, stack(0x000000001c1b0000,0x000000001c2b0000)]
  0x00000000187c1000 JavaThread "Daemon health stats" [_thread_blocked, id=976, stack(0x000000001bb70000,0x000000001bc70000)]
  0x000000001858b800 JavaThread "Service Thread" daemon [_thread_blocked, id=23020, stack(0x00000000191d0000,0x00000000192d0000)]
  0x0000000018502800 JavaThread "C1 CompilerThread3" daemon [_thread_blocked, id=22484, stack(0x00000000190d0000,0x00000000191d0000)]
  0x00000000184fe800 JavaThread "C2 CompilerThread2" daemon [_thread_blocked, id=10652, stack(0x0000000018fd0000,0x00000000190d0000)]
  0x00000000184f7000 JavaThread "C2 CompilerThread1" daemon [_thread_in_native, id=23416, stack(0x0000000018ed0000,0x0000000018fd0000)]
=>0x00000000166fb800 JavaThread "C2 CompilerThread0" daemon [_thread_in_native, id=9092, stack(0x0000000018dd0000,0x0000000018ed0000)]
  0x00000000184f6000 JavaThread "Attach Listener" daemon [_thread_blocked, id=15652, stack(0x0000000018cd0000,0x0000000018dd0000)]
  0x00000000184f4800 JavaThread "Signal Dispatcher" daemon [_thread_blocked, id=19936, stack(0x0000000018bd0000,0x0000000018cd0000)]
  0x000000000292e000 JavaThread "Finalizer" daemon [_thread_blocked, id=23368, stack(0x00000000189c0000,0x0000000018ac0000)]
  0x0000000002925000 JavaThread "Reference Handler" daemon [_thread_blocked, id=18596, stack(0x00000000188c0000,0x00000000189c0000)]
  0x0000000000e8e000 JavaThread "main" [_thread_blocked, id=16960, stack(0x0000000002730000,0x0000000002830000)]

Other Threads:
  0x00000000166e8000 VMThread [stack: 0x00000000183c0000,0x00000000184c0000] [id=19044]
  0x000000001858c800 WatcherThread [stack: 0x00000000192d0000,0x00000000193d0000] [id=8468]

VM state:not at safepoint (normal execution)

VM Mutex/Monitor currently owned by a thread: None

heap address: 0x00000000a0000000, size: 1536 MB, Compressed Oops mode: 32-bit
Narrow klass base: 0x0000000000000000, Narrow klass shift: 3
Compressed class space size: 1073741824 Address: 0x0000000100000000

Heap:
 PSYoungGen      total 71680K, used 62290K [0x00000000e0000000, 0x00000000e4b00000, 0x0000000100000000)
  eden space 66560K, 88% used [0x00000000e0000000,0x00000000e39654f0,0x00000000e4100000)
  from space 5120K, 68% used [0x00000000e4600000,0x00000000e496f700,0x00000000e4b00000)
  to   space 5120K, 0% used [0x00000000e4100000,0x00000000e4100000,0x00000000e4600000)
 ParOldGen       total 87552K, used 24K [0x00000000a0000000, 0x00000000a5580000, 0x00000000e0000000)
  object space 87552K, 0% used [0x00000000a0000000,0x00000000a0006000,0x00000000a5580000)
 Metaspace       used 14263K, capacity 14720K, committed 14976K, reserved 1062912K
  class space    used 1978K, capacity 2098K, committed 2176K, reserved 1048576K

Card table byte_map: [0x0000000011cf0000,0x0000000012000000] byte_map_base: 0x00000000117f0000

Marking Bits: (ParMarkBitMap*) 0x000000005c2e9f30
 Begin Bits: [0x0000000012a00000, 0x0000000014200000)
 End Bits:   [0x0000000014200000, 0x0000000015a00000)

Polling page: 0x0000000000950000

CodeCache: size=245760Kb used=5046Kb max_used=5056Kb free=240713Kb
 bounds [0x0000000002930000, 0x0000000002e30000, 0x0000000011930000]
 total_blobs=1809 nmethods=1427 adapters=295
 compilation: enabled

Compilation events (10 events):
Event: 2.347 Thread 0x0000000018502800 1424       3       com.google.common.collect.AbstractIndexedListIterator::next (31 bytes)
Event: 2.348 Thread 0x0000000018502800 nmethod 1424 0x0000000002e13d90 code [0x0000000002e13f20, 0x0000000002e14378]
Event: 2.348 Thread 0x0000000018502800 1422       3       java.lang.StringBuilder::<init> (6 bytes)
Event: 2.348 Thread 0x0000000018502800 nmethod 1422 0x0000000002e13850 code [0x0000000002e139c0, 0x0000000002e13c70]
Event: 2.352 Thread 0x00000000184fe800 1425       4       java.util.jar.JarFile::maybeInstantiateVerifier (96 bytes)
Event: 2.359 Thread 0x00000000184fe800 nmethod 1425 0x0000000002e22290 code [0x0000000002e22420, 0x0000000002e22878]
Event: 2.359 Thread 0x00000000166fb800 1426       4       java.net.URLClassLoader$1::run (5 bytes)
Event: 2.359 Thread 0x00000000184f7000 1427   !   4       java.net.URLClassLoader$1::run (63 bytes)
Event: 2.415 Thread 0x0000000018502800 1428       3       java.lang.Thread::interrupted (8 bytes)
Event: 2.415 Thread 0x0000000018502800 nmethod 1428 0x0000000002e21ed0 code [0x0000000002e22040, 0x0000000002e221c8]

GC Heap History (4 events):
Event: 0.828 GC heap before
{Heap before GC invocations=1 (full 0):
 PSYoungGen      total 38400K, used 33280K [0x00000000e0000000, 0x00000000e2a80000, 0x0000000100000000)
  eden space 33280K, 100% used [0x00000000e0000000,0x00000000e2080000,0x00000000e2080000)
  from space 5120K, 0% used [0x00000000e2580000,0x00000000e2580000,0x00000000e2a80000)
  to   space 5120K, 0% used [0x00000000e2080000,0x00000000e2080000,0x00000000e2580000)
 ParOldGen       total 87552K, used 0K [0x00000000a0000000, 0x00000000a5580000, 0x00000000e0000000)
  object space 87552K, 0% used [0x00000000a0000000,0x00000000a0000000,0x00000000a5580000)
 Metaspace       used 7039K, capacity 7278K, committed 7424K, reserved 1056768K
  class space    used 859K, capacity 942K, committed 1024K, reserved 1048576K
Event: 0.845 GC heap after
Heap after GC invocations=1 (full 0):
 PSYoungGen      total 38400K, used 4409K [0x00000000e0000000, 0x00000000e4b00000, 0x0000000100000000)
  eden space 33280K, 0% used [0x00000000e0000000,0x00000000e0000000,0x00000000e2080000)
  from space 5120K, 86% used [0x00000000e2080000,0x00000000e24ce610,0x00000000e2580000)
  to   space 5120K, 0% used [0x00000000e4600000,0x00000000e4600000,0x00000000e4b00000)
 ParOldGen       total 87552K, used 16K [0x00000000a0000000, 0x00000000a5580000, 0x00000000e0000000)
  object space 87552K, 0% used [0x00000000a0000000,0x00000000a0004000,0x00000000a5580000)
 Metaspace       used 7039K, capacity 7278K, committed 7424K, reserved 1056768K
  class space    used 859K, capacity 942K, committed 1024K, reserved 1048576K
}
Event: 1.076 GC heap before
{Heap before GC invocations=2 (full 0):
 PSYoungGen      total 38400K, used 37689K [0x00000000e0000000, 0x00000000e4b00000, 0x0000000100000000)
  eden space 33280K, 100% used [0x00000000e0000000,0x00000000e2080000,0x00000000e2080000)
  from space 5120K, 86% used [0x00000000e2080000,0x00000000e24ce610,0x00000000e2580000)
  to   space 5120K, 0% used [0x00000000e4600000,0x00000000e4600000,0x00000000e4b00000)
 ParOldGen       total 87552K, used 16K [0x00000000a0000000, 0x00000000a5580000, 0x00000000e0000000)
  object space 87552K, 0% used [0x00000000a0000000,0x00000000a0004000,0x00000000a5580000)
 Metaspace       used 7377K, capacity 7592K, committed 7680K, reserved 1056768K
  class space    used 911K, capacity 983K, committed 1024K, reserved 1048576K
Event: 1.080 GC heap after
Heap after GC invocations=2 (full 0):
 PSYoungGen      total 71680K, used 3517K [0x00000000e0000000, 0x00000000e4b00000, 0x0000000100000000)
  eden space 66560K, 0% used [0x00000000e0000000,0x00000000e0000000,0x00000000e4100000)
  from space 5120K, 68% used [0x00000000e4600000,0x00000000e496f700,0x00000000e4b00000)
  to   space 5120K, 0% used [0x00000000e4100000,0x00000000e4100000,0x00000000e4600000)
 ParOldGen       total 87552K, used 24K [0x00000000a0000000, 0x00000000a5580000, 0x00000000e0000000)
  object space 87552K, 0% used [0x00000000a0000000,0x00000000a0006000,0x00000000a5580000)
 Metaspace       used 7377K, capacity 7592K, committed 7680K, reserved 1056768K
  class space    used 911K, capacity 983K, committed 1024K, reserved 1048576K
}

Deoptimization events (10 events):
Event: 1.633 Thread 0x0000000000e8e000 Uncommon trap: reason=unstable_if action=reinterpret pc=0x0000000002c17f3c method=java.io.WinNTFileSystem.normalize(Ljava/lang/String;)Ljava/lang/String; @ 128
Event: 2.025 Thread 0x000000001af0a800 Uncommon trap: reason=unstable_if action=reinterpret pc=0x0000000002d18470 method=java.util.concurrent.ConcurrentHashMap.putVal(Ljava/lang/Object;Ljava/lang/Object;Z)Ljava/lang/Object; @ 206
Event: 2.071 Thread 0x000000001af6a000 Uncommon trap: reason=bimorphic action=maybe_recompile pc=0x0000000002b89104 method=java.util.HashMap.putVal(ILjava/lang/Object;Ljava/lang/Object;ZZ)Ljava/lang/Object; @ 253
Event: 2.071 Thread 0x000000001af6a000 Uncommon trap: reason=bimorphic action=maybe_recompile pc=0x0000000002b89104 method=java.util.HashMap.putVal(ILjava/lang/Object;Ljava/lang/Object;ZZ)Ljava/lang/Object; @ 253
Event: 2.071 Thread 0x000000001af6a000 Uncommon trap: reason=bimorphic action=maybe_recompile pc=0x0000000002b89104 method=java.util.HashMap.putVal(ILjava/lang/Object;Ljava/lang/Object;ZZ)Ljava/lang/Object; @ 253
Event: 2.071 Thread 0x000000001af6a000 Uncommon trap: reason=bimorphic action=maybe_recompile pc=0x0000000002b7d92c method=java.util.HashMap.putVal(ILjava/lang/Object;Ljava/lang/Object;ZZ)Ljava/lang/Object; @ 253
Event: 2.258 Thread 0x000000001af6a000 Uncommon trap: reason=class_check action=maybe_recompile pc=0x0000000002c20498 method=java.util.regex.Matcher.match(II)Z @ 86
Event: 2.273 Thread 0x000000001af6a000 Uncommon trap: reason=class_check action=maybe_recompile pc=0x0000000002c20498 method=java.util.regex.Matcher.match(II)Z @ 86
Event: 2.274 Thread 0x000000001af6a000 Uncommon trap: reason=class_check action=maybe_recompile pc=0x0000000002c20498 method=java.util.regex.Matcher.match(II)Z @ 86
Event: 2.274 Thread 0x000000001af6a000 Uncommon trap: reason=class_check action=maybe_recompile pc=0x0000000002a9f320 method=java.util.regex.Matcher.match(II)Z @ 86

Classes redefined (0 events):
No events

Internal exceptions (10 events):
Event: 2.028 Thread 0x000000001af0a800 Exception <a 'java/lang/NoSuchMethodError': <clinit>> (0x00000000e19c18a0) thrown at [D:\src\AOSP-openjdk-cygwin\jdk8u\hotspot\src\share\vm\prims\jni.cpp, line 1614]
Event: 2.030 Thread 0x000000001af0a800 Exception <a 'java/lang/NoSuchMethodError': <clinit>> (0x00000000e19d4a50) thrown at [D:\src\AOSP-openjdk-cygwin\jdk8u\hotspot\src\share\vm\prims\jni.cpp, line 1614]
Event: 2.033 Thread 0x000000001af0a800 Exception <a 'java/lang/NoSuchMethodError': <clinit>> (0x00000000e19fbe38) thrown at [D:\src\AOSP-openjdk-cygwin\jdk8u\hotspot\src\share\vm\prims\jni.cpp, line 1614]
Event: 2.034 Thread 0x000000001af0a800 Exception <a 'java/lang/NoSuchMethodError': <clinit>> (0x00000000e1a13e30) thrown at [D:\src\AOSP-openjdk-cygwin\jdk8u\hotspot\src\share\vm\prims\jni.cpp, line 1614]
Event: 2.035 Thread 0x000000001af0a800 Exception <a 'java/lang/NoSuchMethodError': <clinit>> (0x00000000e1a1cac0) thrown at [D:\src\AOSP-openjdk-cygwin\jdk8u\hotspot\src\share\vm\prims\jni.cpp, line 1614]
Event: 2.036 Thread 0x000000001af0a800 Exception <a 'java/lang/NoSuchMethodError': <clinit>> (0x00000000e1a33118) thrown at [D:\src\AOSP-openjdk-cygwin\jdk8u\hotspot\src\share\vm\prims\jni.cpp, line 1614]
Event: 2.042 Thread 0x000000001af0a800 Exception <a 'java/lang/NoSuchMethodError': <clinit>> (0x00000000e1a911e8) thrown at [D:\src\AOSP-openjdk-cygwin\jdk8u\hotspot\src\share\vm\prims\jni.cpp, line 1614]
Event: 2.045 Thread 0x000000001af0a800 Exception <a 'java/lang/NoSuchMethodError': <clinit>> (0x00000000e1abdee8) thrown at [D:\src\AOSP-openjdk-cygwin\jdk8u\hotspot\src\share\vm\prims\jni.cpp, line 1614]
Event: 2.049 Thread 0x000000001af0a800 Exception <a 'java/lang/NoSuchMethodError': <clinit>> (0x00000000e1aec208) thrown at [D:\src\AOSP-openjdk-cygwin\jdk8u\hotspot\src\share\vm\prims\jni.cpp, line 1614]
Event: 2.050 Thread 0x000000001af0a800 Exception <a 'java/lang/NoSuchMethodError': <clinit>> (0x00000000e1af7610) thrown at [D:\src\AOSP-openjdk-cygwin\jdk8u\hotspot\src\share\vm\prims\jni.cpp, line 1614]

Events (10 events):
Event: 2.423 loading class org/gradle/api/internal/initialization/ScriptHandlerFactory
Event: 2.423 loading class org/gradle/api/internal/initialization/ScriptHandlerFactory done
Event: 2.424 loading class org/gradle/initialization/ProjectAccessListener
Event: 2.425 loading class org/gradle/initialization/ProjectAccessListener done
Event: 2.429 loading class org/gradle/initialization/BuildLoader
Event: 2.429 loading class org/gradle/initialization/BuildLoader done
Event: 2.433 loading class org/gradle/api/internal/artifacts/configurations/DependencyMetaDataProvider
Event: 2.433 loading class org/gradle/api/internal/artifacts/configurations/DependencyMetaDataProvider done
Event: 2.436 loading class org/gradle/api/internal/tasks/userinput/UserInputHandler
Event: 2.436 loading class org/gradle/api/internal/tasks/userinput/UserInputHandler done


Dynamic libraries:
0x00007ff669ab0000 - 0x00007ff669ae1000 	C:\Program Files\Android\Android Studio\jre\bin\java.exe
0x00007fff55280000 - 0x00007fff55470000 	C:\WINDOWS\SYSTEM32\ntdll.dll
0x00007fff54180000 - 0x00007fff54232000 	C:\WINDOWS\System32\KERNEL32.DLL
0x00007fff526d0000 - 0x00007fff52974000 	C:\WINDOWS\System32\KERNELBASE.dll
0x00007fff53650000 - 0x00007fff536f3000 	C:\WINDOWS\System32\ADVAPI32.dll
0x00007fff53f10000 - 0x00007fff53fae000 	C:\WINDOWS\System32\msvcrt.dll
0x00007fff53b00000 - 0x00007fff53b97000 	C:\WINDOWS\System32\sechost.dll
0x00007fff53fb0000 - 0x00007fff540d0000 	C:\WINDOWS\System32\RPCRT4.dll
0x00007fff53480000 - 0x00007fff53614000 	C:\WINDOWS\System32\USER32.dll
0x00007fff529b0000 - 0x00007fff529d1000 	C:\WINDOWS\System32\win32u.dll
0x00007fff550f0000 - 0x00007fff55116000 	C:\WINDOWS\System32\GDI32.dll
0x00007fff52290000 - 0x00007fff52424000 	C:\WINDOWS\System32\gdi32full.dll
0x00007fff52630000 - 0x00007fff526ce000 	C:\WINDOWS\System32\msvcp_win.dll
0x00007fff52a00000 - 0x00007fff52afa000 	C:\WINDOWS\System32\ucrtbase.dll
0x00007fff515e0000 - 0x00007fff51864000 	C:\WINDOWS\WinSxS\amd64_microsoft.windows.common-controls_6595b64144ccf1df_6.0.18362.836_none_e6c4b943130f18ed\COMCTL32.dll
0x00007fff54db0000 - 0x00007fff550e6000 	C:\WINDOWS\System32\combase.dll
0x00007fff52210000 - 0x00007fff52290000 	C:\WINDOWS\System32\bcryptPrimitives.dll
0x00007fff53620000 - 0x00007fff5364e000 	C:\WINDOWS\System32\IMM32.DLL
0x0000000059670000 - 0x0000000059742000 	C:\Program Files\Android\Android Studio\jre\jre\bin\msvcr100.dll
0x000000005bb20000 - 0x000000005c366000 	C:\Program Files\Android\Android Studio\jre\jre\bin\server\jvm.dll
0x00007fff53930000 - 0x00007fff53938000 	C:\WINDOWS\System32\PSAPI.DLL
0x00007fff4f160000 - 0x00007fff4f184000 	C:\WINDOWS\SYSTEM32\WINMM.dll
0x00007fff49660000 - 0x00007fff4966a000 	C:\WINDOWS\SYSTEM32\VERSION.dll
0x00007fff3a5b0000 - 0x00007fff3a5b9000 	C:\WINDOWS\SYSTEM32\WSOCK32.dll
0x00007fff4ece0000 - 0x00007fff4ed0d000 	C:\WINDOWS\SYSTEM32\WINMMBASE.dll
0x00007fff52430000 - 0x00007fff5247a000 	C:\WINDOWS\System32\cfgmgr32.dll
0x00007fff53d40000 - 0x00007fff53daf000 	C:\WINDOWS\System32\ws2_32.DLL
0x00007fff4bcf0000 - 0x00007fff4bcff000 	C:\Program Files\Android\Android Studio\jre\jre\bin\verify.dll
0x00007fff35330000 - 0x00007fff35359000 	C:\Program Files\Android\Android Studio\jre\jre\bin\java.dll
0x00007fff372a0000 - 0x00007fff372b6000 	C:\Program Files\Android\Android Studio\jre\jre\bin\zip.dll
0x00007fff54250000 - 0x00007fff54934000 	C:\WINDOWS\System32\SHELL32.dll
0x00007fff55120000 - 0x00007fff551c9000 	C:\WINDOWS\System32\shcore.dll
0x00007fff52b00000 - 0x00007fff5327e000 	C:\WINDOWS\System32\windows.storage.dll
0x00007fff52150000 - 0x00007fff52173000 	C:\WINDOWS\System32\profapi.dll
0x00007fff521a0000 - 0x00007fff521ea000 	C:\WINDOWS\System32\powrprof.dll
0x00007fff52140000 - 0x00007fff52150000 	C:\WINDOWS\System32\UMPDC.dll
0x00007fff551d0000 - 0x00007fff55222000 	C:\WINDOWS\System32\shlwapi.dll
0x00007fff521f0000 - 0x00007fff52201000 	C:\WINDOWS\System32\kernel.appcore.dll
0x00007fff529e0000 - 0x00007fff529f7000 	C:\WINDOWS\System32\cryptsp.dll
0x00007fff40e80000 - 0x00007fff40e9a000 	C:\Program Files\Android\Android Studio\jre\jre\bin\net.dll
0x00007fff416a0000 - 0x00007fff41876000 	C:\WINDOWS\SYSTEM32\urlmon.dll
0x00007fff421e0000 - 0x00007fff42486000 	C:\WINDOWS\SYSTEM32\iertutil.dll
0x00007fff52020000 - 0x00007fff5202c000 	C:\WINDOWS\SYSTEM32\CRYPTBASE.DLL
0x00007fff512d0000 - 0x00007fff51337000 	C:\WINDOWS\system32\mswsock.dll
0x00007fff3a300000 - 0x00007fff3a313000 	C:\Program Files\Android\Android Studio\jre\jre\bin\nio.dll
0x00007fff44270000 - 0x00007fff44296000 	C:\Users\alexey\.gradle\native\30\windows-amd64\native-platform.dll
0x00007fff4fbe0000 - 0x00007fff4fbed000 	C:\Program Files\Android\Android Studio\jre\jre\bin\management.dll
0x00007fff50e40000 - 0x00007fff50e73000 	C:\WINDOWS\system32\rsaenh.dll
0x00007fff52980000 - 0x00007fff529a6000 	C:\WINDOWS\System32\bcrypt.dll
0x00007fff52060000 - 0x00007fff52085000 	C:\WINDOWS\SYSTEM32\USERENV.dll
0x00007fff50fe0000 - 0x00007fff5101a000 	C:\WINDOWS\SYSTEM32\IPHLPAPI.DLL
0x00007fff55230000 - 0x00007fff55238000 	C:\WINDOWS\System32\NSI.dll
0x00007fff43df0000 - 0x00007fff43e06000 	C:\WINDOWS\SYSTEM32\dhcpcsvc6.DLL
0x00007fff44580000 - 0x00007fff4459c000 	C:\WINDOWS\SYSTEM32\dhcpcsvc.DLL
0x00007fff51020000 - 0x00007fff510eb000 	C:\WINDOWS\SYSTEM32\DNSAPI.dll

VM Arguments:
jvm_args: -Xmx1536m -Dfile.encoding=windows-1251 -Duser.country=RU -Duser.language=ru -Duser.variant 
java_command: org.gradle.launcher.daemon.bootstrap.GradleDaemon 5.6.4
java_class_path (initial): C:\Users\alexey\.gradle\wrapper\dists\gradle-5.6.4-all\ankdp27end7byghfw1q2sw75f\gradle-5.6.4\lib\gradle-launcher-5.6.4.jar
Launcher Type: SUN_STANDARD

Environment Variables:
JAVA_HOME=C:\Program Files\Java\jdk1.8.0_231
PATH=C:\Program Files (x86)\Common Files\Oracle\Java\javapath;C:\Windows\system32;C:\Windows;C:\Windows\System32\Wbem;C:\Windows\System32\WindowsPowerShell\v1.0\;C:\Windows\System32\OpenSSH\;C:\Program Files (x86)\NVIDIA Corporation\PhysX\Common;C:\WINDOWS\system32;C:\WINDOWS;C:\WINDOWS\System32\Wbem;C:\WINDOWS\System32\WindowsPowerShell\v1.0\;C:\WINDOWS\System32\OpenSSH\;C:\Program Files\Git\cmd;C:\Program Files\Java\jdk1.8.0_231\bin;C:\Program Files\Intel\WiFi\bin\;C:\Program Files\Common Files\Intel\WirelessCommon\;C:\Users\alexey\AppData\Local\Microsoft\WindowsApps;;C:\Users\alexey\AppData\Local\Programs\Microsoft VS Code\bin
USERNAME=alexey
OS=Windows_NT
PROCESSOR_IDENTIFIER=Intel64 Family 6 Model 142 Stepping 10, GenuineIntel



---------------  S Y S T E M  ---------------

OS: Windows 10.0 , 64 bit Build 18362 (10.0.18362.778)

CPU:total 8 (initial active 8) (4 cores per cpu, 2 threads per core) family 6 model 142 stepping 10, cmov, cx8, fxsr, mmx, sse, sse2, sse3, ssse3, sse4.1, sse4.2, popcnt, avx, avx2, aes, clmul, erms, 3dnowpref, lzcnt, ht, tsc, tscinvbit, bmi1, bmi2, adx

Memory: 4k page, physical 8295652k(190820k free), swap 16684260k(0k free)

vm_info: OpenJDK 64-Bit Server VM (25.212-b04) for windows-amd64 JRE (1.8.0_212-release-1586-b04), built by "builder" with MS VC++ 10.0 (VS2010)

time: Tue May 26 19:49:12 2020
timezone: RTZ 2 (зима)
elapsed time: 2 seconds (0d 0h 0m 2s)

